Flow report for linebuf_window_3x3
Wed Dec 24 02:44:14 2025
Quartus Prime Version 16.1.0 Build 196 10/24/2016 SJ Lite Edition


---------------------
; Table of Contents ;
---------------------
  1. Legal Notice
  2. Flow Summary
  3. Flow Settings
  4. Flow Non-Default Global Settings
  5. Flow Elapsed Time
  6. Flow OS Summary
  7. Flow Log
  8. Flow Messages
  9. Flow Suppressed Messages



----------------
; Legal Notice ;
----------------
Copyright (C) 2016  Intel Corporation. All rights reserved.
Your use of Intel Corporation's design tools, logic functions 
and other software and tools, and its AMPP partner logic 
functions, and any output files from any of the foregoing 
(including device programming or simulation files), and any 
associated documentation or information are expressly subject 
to the terms and conditions of the Intel Program License 
Subscription Agreement, the Intel Quartus Prime License Agreement,
the Intel MegaCore Function License Agreement, or other 
applicable license agreement, including, without limitation, 
that your use is for the sole purpose of programming logic 
devices manufactured by Intel and sold by Intel or its 
authorized distributors.  Please refer to the applicable 
agreement for further details.



+----------------------------------------------------------------------------------+
; Flow Summary                                                                     ;
+------------------------------------+---------------------------------------------+
; Flow Status                        ; Successful - Wed Dec 24 02:44:14 2025       ;
; Quartus Prime Version              ; 16.1.0 Build 196 10/24/2016 SJ Lite Edition ;
; Revision Name                      ; linebuf_window_3x3                          ;
; Top-level Entity Name              ; linebuf_window_3x3                          ;
; Family                             ; Cyclone IV E                                ;
; Total logic elements               ; 239 / 6,272 ( 4 % )                         ;
;     Total combinational functions  ; 181 / 6,272 ( 3 % )                         ;
;     Dedicated logic registers      ; 209 / 6,272 ( 3 % )                         ;
; Total registers                    ; 209                                         ;
; Total pins                         ; 84 / 180 ( 47 % )                           ;
; Total virtual pins                 ; 0                                           ;
; Total memory bits                  ; 46,080 / 276,480 ( 17 % )                   ;
; Embedded Multiplier 9-bit elements ; 0 / 30 ( 0 % )                              ;
; Total PLLs                         ; 0 / 2 ( 0 % )                               ;
; Device                             ; EP4CE6F17C6                                 ;
; Timing Models                      ; Final                                       ;
+------------------------------------+---------------------------------------------+


+-----------------------------------------+
; Flow Settings                           ;
+-------------------+---------------------+
; Option            ; Setting             ;
+-------------------+---------------------+
; Start date & time ; 12/24/2025 02:43:38 ;
; Main task         ; Compilation         ;
; Revision Name     ; linebuf_window_3x3  ;
+-------------------+---------------------+


+-------------------------------------------------------------------------------------------------------------------------------------+
; Flow Non-Default Global Settings                                                                                                    ;
+--------------------------------------+----------------------------------------+---------------+-------------+-----------------------+
; Assignment Name                      ; Value                                  ; Default Value ; Entity Name ; Section Id            ;
+--------------------------------------+----------------------------------------+---------------+-------------+-----------------------+
; COMPILER_SIGNATURE_ID                ; 93328260679308.176654061705184         ; --            ; --          ; --                    ;
; EDA_DESIGN_INSTANCE_NAME             ; dut_inst                               ; --            ; --          ; tb_linebuf_window_3x3 ;
; EDA_NATIVELINK_SIMULATION_TEST_BENCH ; tb_linebuf_window_3x3                  ; --            ; --          ; eda_simulation        ;
; EDA_OUTPUT_DATA_FORMAT               ; Vhdl                                   ; --            ; --          ; eda_simulation        ;
; EDA_SIMULATION_TOOL                  ; ModelSim-Altera (VHDL)                 ; <None>        ; --          ; --                    ;
; EDA_TEST_BENCH_ENABLE_STATUS         ; TEST_BENCH_MODE                        ; --            ; --          ; eda_simulation        ;
; EDA_TEST_BENCH_FILE                  ; tb_linebuf_window_3x3.vhd              ; --            ; --          ; tb_linebuf_window_3x3 ;
; EDA_TEST_BENCH_MODULE_NAME           ; tb_linebuf_window_3x3                  ; --            ; --          ; tb_linebuf_window_3x3 ;
; EDA_TEST_BENCH_NAME                  ; tb_linebuf_window_3x3                  ; --            ; --          ; eda_simulation        ;
; EDA_TIME_SCALE                       ; 1 ps                                   ; --            ; --          ; eda_simulation        ;
; PARTITION_COLOR                      ; -- (Not supported for targeted family) ; --            ; --          ; Top                   ;
; PARTITION_FITTER_PRESERVATION_LEVEL  ; -- (Not supported for targeted family) ; --            ; --          ; Top                   ;
; PARTITION_NETLIST_TYPE               ; -- (Not supported for targeted family) ; --            ; --          ; Top                   ;
; PROJECT_OUTPUT_DIRECTORY             ; output_files                           ; --            ; --          ; --                    ;
+--------------------------------------+----------------------------------------+---------------+-------------+-----------------------+


+-------------------------------------------------------------------------------------------------------------------------------+
; Flow Elapsed Time                                                                                                             ;
+---------------------------+--------------+-------------------------+---------------------+------------------------------------+
; Module Name               ; Elapsed Time ; Average Processors Used ; Peak Virtual Memory ; Total CPU Time (on all processors) ;
+---------------------------+--------------+-------------------------+---------------------+------------------------------------+
; Analysis & Synthesis      ; 00:00:17     ; 1.0                     ; 4797 MB             ; 00:00:38                           ;
; Fitter                    ; 00:00:10     ; 1.0                     ; 5229 MB             ; 00:00:11                           ;
; Assembler                 ; 00:00:01     ; 1.0                     ; 4666 MB             ; 00:00:01                           ;
; TimeQuest Timing Analyzer ; 00:00:02     ; 1.0                     ; 4740 MB             ; 00:00:03                           ;
; EDA Netlist Writer        ; 00:00:01     ; 1.0                     ; 4640 MB             ; 00:00:02                           ;
; Total                     ; 00:00:31     ; --                      ; --                  ; 00:00:55                           ;
+---------------------------+--------------+-------------------------+---------------------+------------------------------------+


+-----------------------------------------------------------------------------------------+
; Flow OS Summary                                                                         ;
+---------------------------+------------------+------------+------------+----------------+
; Module Name               ; Machine Hostname ; OS Name    ; OS Version ; Processor type ;
+---------------------------+------------------+------------+------------+----------------+
; Analysis & Synthesis      ; ARIS             ; Windows 10 ; 10.0       ; x86_64         ;
; Fitter                    ; ARIS             ; Windows 10 ; 10.0       ; x86_64         ;
; Assembler                 ; ARIS             ; Windows 10 ; 10.0       ; x86_64         ;
; TimeQuest Timing Analyzer ; ARIS             ; Windows 10 ; 10.0       ; x86_64         ;
; EDA Netlist Writer        ; ARIS             ; Windows 10 ; 10.0       ; x86_64         ;
+---------------------------+------------------+------------+------------+----------------+


------------
; Flow Log ;
------------
quartus_map --read_settings_files=on --write_settings_files=off linebuf_window_3x3 -c linebuf_window_3x3
quartus_fit --read_settings_files=off --write_settings_files=off linebuf_window_3x3 -c linebuf_window_3x3
quartus_asm --read_settings_files=off --write_settings_files=off linebuf_window_3x3 -c linebuf_window_3x3
quartus_sta linebuf_window_3x3 -c linebuf_window_3x3
quartus_eda --read_settings_files=off --write_settings_files=off linebuf_window_3x3 -c linebuf_window_3x3



