EDA Netlist Writer report for linebuf_window_3x3
Wed Dec 24 02:44:14 2025
Quartus Prime Version 16.1.0 Build 196 10/24/2016 SJ Lite Edition


---------------------
; Table of Contents ;
---------------------
  1. Legal Notice
  2. EDA Netlist Writer Summary
  3. Simulation Settings
  4. Simulation Generated Files
  5. EDA Netlist Writer Messages



----------------
; Legal Notice ;
----------------
Copyright (C) 2016  Intel Corporation. All rights reserved.
Your use of Intel Corporation's design tools, logic functions 
and other software and tools, and its AMPP partner logic 
functions, and any output files from any of the foregoing 
(including device programming or simulation files), and any 
associated documentation or information are expressly subject 
to the terms and conditions of the Intel Program License 
Subscription Agreement, the Intel Quartus Prime License Agreement,
the Intel MegaCore Function License Agreement, or other 
applicable license agreement, including, without limitation, 
that your use is for the sole purpose of programming logic 
devices manufactured by Intel and sold by Intel or its 
authorized distributors.  Please refer to the applicable 
agreement for further details.



+-------------------------------------------------------------------+
; EDA Netlist Writer Summary                                        ;
+---------------------------+---------------------------------------+
; EDA Netlist Writer Status ; Successful - Wed Dec 24 02:44:14 2025 ;
; Revision Name             ; linebuf_window_3x3                    ;
; Top-level Entity Name     ; linebuf_window_3x3                    ;
; Family                    ; Cyclone IV E                          ;
; Simulation Files Creation ; Successful                            ;
+---------------------------+---------------------------------------+


+----------------------------------------------------------------------------------------------------------------------------+
; Simulation Settings                                                                                                        ;
+---------------------------------------------------------------------------------------------------+------------------------+
; Option                                                                                            ; Setting                ;
+---------------------------------------------------------------------------------------------------+------------------------+
; Tool Name                                                                                         ; ModelSim-Altera (VHDL) ;
; Generate functional simulation netlist                                                            ; Off                    ;
; Time scale                                                                                        ; 1 ps                   ;
; Truncate long hierarchy paths                                                                     ; Off                    ;
; Map illegal HDL characters                                                                        ; Off                    ;
; Flatten buses into individual nodes                                                               ; Off                    ;
; Maintain hierarchy                                                                                ; Off                    ;
; Bring out device-wide set/reset signals as ports                                                  ; Off                    ;
; Enable glitch filtering                                                                           ; Off                    ;
; Do not write top level VHDL entity                                                                ; Off                    ;
; Disable detection of setup and hold time violations in the input registers of bi-directional pins ; Off                    ;
; Architecture name in VHDL output netlist                                                          ; structure              ;
; Generate third-party EDA tool command script for RTL functional simulation                        ; Off                    ;
; Generate third-party EDA tool command script for gate-level simulation                            ; Off                    ;
+---------------------------------------------------------------------------------------------------+------------------------+


+----------------------------------------------------------------------------------------------+
; Simulation Generated Files                                                                   ;
+----------------------------------------------------------------------------------------------+
; Generated Files                                                                              ;
+----------------------------------------------------------------------------------------------+
; D:/VLSI pour IA/LineBuffer/simulation/modelsim/linebuf_window_3x3_6_1200mv_85c_slow.vho      ;
; D:/VLSI pour IA/LineBuffer/simulation/modelsim/linebuf_window_3x3_6_1200mv_0c_slow.vho       ;
; D:/VLSI pour IA/LineBuffer/simulation/modelsim/linebuf_window_3x3_min_1200mv_0c_fast.vho     ;
; D:/VLSI pour IA/LineBuffer/simulation/modelsim/linebuf_window_3x3.vho                        ;
; D:/VLSI pour IA/LineBuffer/simulation/modelsim/linebuf_window_3x3_6_1200mv_85c_vhd_slow.sdo  ;
; D:/VLSI pour IA/LineBuffer/simulation/modelsim/linebuf_window_3x3_6_1200mv_0c_vhd_slow.sdo   ;
; D:/VLSI pour IA/LineBuffer/simulation/modelsim/linebuf_window_3x3_min_1200mv_0c_vhd_fast.sdo ;
; D:/VLSI pour IA/LineBuffer/simulation/modelsim/linebuf_window_3x3_vhd.sdo                    ;
+----------------------------------------------------------------------------------------------+


+-----------------------------+
; EDA Netlist Writer Messages ;
+-----------------------------+
Info: *******************************************************************
Info: Running Quartus Prime EDA Netlist Writer
    Info: Version 16.1.0 Build 196 10/24/2016 SJ Lite Edition
    Info: Processing started: Wed Dec 24 02:44:13 2025
Info: Command: quartus_eda --read_settings_files=off --write_settings_files=off linebuf_window_3x3 -c linebuf_window_3x3
Warning (18236): Number of processors has not been specified which may cause overloading on shared machines.  Set the global assignment NUM_PARALLEL_PROCESSORS in your QSF to an appropriate value for best performance.
Info (204019): Generated file linebuf_window_3x3_6_1200mv_85c_slow.vho in folder "D:/VLSI pour IA/LineBuffer/simulation/modelsim/" for EDA simulation tool
Info (204019): Generated file linebuf_window_3x3_6_1200mv_0c_slow.vho in folder "D:/VLSI pour IA/LineBuffer/simulation/modelsim/" for EDA simulation tool
Info (204019): Generated file linebuf_window_3x3_min_1200mv_0c_fast.vho in folder "D:/VLSI pour IA/LineBuffer/simulation/modelsim/" for EDA simulation tool
Info (204019): Generated file linebuf_window_3x3.vho in folder "D:/VLSI pour IA/LineBuffer/simulation/modelsim/" for EDA simulation tool
Info (204019): Generated file linebuf_window_3x3_6_1200mv_85c_vhd_slow.sdo in folder "D:/VLSI pour IA/LineBuffer/simulation/modelsim/" for EDA simulation tool
Info (204019): Generated file linebuf_window_3x3_6_1200mv_0c_vhd_slow.sdo in folder "D:/VLSI pour IA/LineBuffer/simulation/modelsim/" for EDA simulation tool
Info (204019): Generated file linebuf_window_3x3_min_1200mv_0c_vhd_fast.sdo in folder "D:/VLSI pour IA/LineBuffer/simulation/modelsim/" for EDA simulation tool
Info (204019): Generated file linebuf_window_3x3_vhd.sdo in folder "D:/VLSI pour IA/LineBuffer/simulation/modelsim/" for EDA simulation tool
Info: Quartus Prime EDA Netlist Writer was successful. 0 errors, 1 warning
    Info: Peak virtual memory: 4640 megabytes
    Info: Processing ended: Wed Dec 24 02:44:14 2025
    Info: Elapsed time: 00:00:01
    Info: Total CPU time (on all processors): 00:00:02


